[1129/124324.331:ERROR:process_memory_win.cc(73)] ReadMemory at 0x7ff6cd3f0000 of 64 bytes failed: Only part of a ReadProcessMemory or WriteProcessMemory request was completed. (0x12B)
[1129/124324.371:WARNING:pe_image_reader.cc(340)] could not read dos header from C:\Program Files (x86)\Google\Chrome\Application\chrome.exe
[1129/124324.371:ERROR:process_memory_win.cc(73)] ReadMemory at 0x7ffc71010000 of 64 bytes failed: Only part of a ReadProcessMemory or WriteProcessMemory request was completed. (0x12B)
[1129/124324.371:WARNING:pe_image_reader.cc(340)] could not read dos header from C:\Windows\SYSTEM32\ntdll.dll
[1129/124324.371:ERROR:process_memory_win.cc(73)] ReadMemory at 0x7ffc6e850000 of 64 bytes failed: Only part of a ReadProcessMemory or WriteProcessMemory request was completed. (0x12B)
[1129/124324.371:WARNING:pe_image_reader.cc(340)] could not read dos header from C:\Windows\System32\KERNEL32.DLL
[1129/124324.371:ERROR:process_memory_win.cc(73)] ReadMemory at 0x7ffc6dcf0000 of 64 bytes failed: Only part of a ReadProcessMemory or WriteProcessMemory request was completed. (0x12B)
[1129/124324.372:WARNING:pe_image_reader.cc(340)] could not read dos header from C:\Windows\System32\KERNELBASE.dll
[1129/124324.372:ERROR:process_memory_win.cc(73)] ReadMemory at 0x7ffc41be0000 of 64 bytes failed: Only part of a ReadProcessMemory or WriteProcessMemory request was completed. (0x12B)
[1129/124324.372:WARNING:pe_image_reader.cc(340)] could not read dos header from C:\Program Files (x86)\Google\Chrome\Application\78.0.3904.108\chrome_elf.dll
[1129/124324.372:ERROR:process_memory_win.cc(73)] ReadMemory at 0x7ffc634a0000 of 64 bytes failed: Only part of a ReadProcessMemory or WriteProcessMemory request was completed. (0x12B)
[1129/124324.372:WARNING:pe_image_reader.cc(340)] could not read dos header from C:\Windows\SYSTEM32\VERSION.dll
[1129/124324.372:ERROR:process_memory_win.cc(73)] ReadMemory at 0x7ffc70940000 of 64 bytes failed: Only part of a ReadProcessMemory or WriteProcessMemory request was completed. (0x12B)
[1129/124324.372:WARNING:pe_image_reader.cc(340)] could not read dos header from C:\Windows\System32\msvcrt.dll
[1129/124324.372:ERROR:process_memory_win.cc(73)] ReadMemory at 0x7ffc6db60000 of 64 bytes failed: Only part of a ReadProcessMemory or WriteProcessMemory request was completed. (0x12B)
[1129/124324.372:WARNING:pe_image_reader.cc(340)] could not read dos header from C:\Windows\System32\bcryptPrimitives.dll
[1129/124324.372:ERROR:process_memory_win.cc(73)] ReadMemory at 0x7ffc6e7a0000 of 64 bytes failed: Only part of a ReadProcessMemory or WriteProcessMemory request was completed. (0x12B)
[1129/124324.372:WARNING:pe_image_reader.cc(340)] could not read dos header from C:\Windows\System32\ADVAPI32.dll
[1129/124324.372:ERROR:process_memory_win.cc(73)] ReadMemory at 0x7ffc6e4e0000 of 64 bytes failed: Only part of a ReadProcessMemory or WriteProcessMemory request was completed. (0x12B)
[1129/124324.372:WARNING:pe_image_reader.cc(340)] could not read dos header from C:\Windows\System32\sechost.dll
[1129/124324.372:ERROR:process_memory_win.cc(73)] ReadMemory at 0x7ffc6e980000 of 64 bytes failed: Only part of a ReadProcessMemory or WriteProcessMemory request was completed. (0x12B)
[1129/124324.372:WARNING:pe_image_reader.cc(340)] could not read dos header from C:\Windows\System32\RPCRT4.dll
[1129/124324.372:ERROR:process_memory_win.cc(73)] ReadMemory at 0x7ffc2be80000 of 64 bytes failed: Only part of a ReadProcessMemory or WriteProcessMemory request was completed. (0x12B)
[1129/124324.372:WARNING:pe_image_reader.cc(340)] could not read dos header from C:\Program Files (x86)\Google\Chrome\Application\78.0.3904.108\chrome_child.dll
[1129/124324.372:ERROR:process_memory_win.cc(73)] ReadMemory at 0x7ffc709f0000 of 64 bytes failed: Only part of a ReadProcessMemory or WriteProcessMemory request was completed. (0x12B)
[1129/124324.372:WARNING:pe_image_reader.cc(340)] could not read dos header from C:\Windows\System32\OLEAUT32.dll
[1129/124324.372:ERROR:process_memory_win.cc(73)] ReadMemory at 0x7ffc6e250000 of 64 bytes failed: Only part of a ReadProcessMemory or WriteProcessMemory request was completed. (0x12B)
[1129/124324.372:WARNING:pe_image_reader.cc(340)] could not read dos header from C:\Windows\System32\msvcp_win.dll
[1129/124324.372:ERROR:process_memory_win.cc(73)] ReadMemory at 0x7ffc6e150000 of 64 bytes failed: Only part of a ReadProcessMemory or WriteProcessMemory request was completed. (0x12B)
[1129/124324.372:WARNING:pe_image_reader.cc(340)] could not read dos header from C:\Windows\System32\ucrtbase.dll
[1129/124324.372:ERROR:process_memory_win.cc(73)] ReadMemory at 0x7ffc70c70000 of 64 bytes failed: Only part of a ReadProcessMemory or WriteProcessMemory request was completed. (0x12B)
[1129/124324.372:WARNING:pe_image_reader.cc(340)] could not read dos header from C:\Windows\System32\combase.dll
[1129/124324.372:ERROR:process_memory_win.cc(73)] ReadMemory at 0x7ffc708b0000 of 64 bytes failed: Only part of a ReadProcessMemory or WriteProcessMemory request was completed. (0x12B)
[1129/124324.372:WARNING:pe_image_reader.cc(340)] could not read dos header from C:\Windows\System32\WS2_32.dll
[1129/124324.372:ERROR:process_memory_win.cc(73)] ReadMemory at 0x7ffc6dc90000 of 64 bytes failed: Only part of a ReadProcessMemory or WriteProcessMemory request was completed. (0x12B)
[1129/124324.372:WARNING:pe_image_reader.cc(340)] could not read dos header from C:\Windows\System32\WINTRUST.dll
[1129/124324.372:ERROR:process_memory_win.cc(73)] ReadMemory at 0x7ffc6d3d0000 of 64 bytes failed: Only part of a ReadProcessMemory or WriteProcessMemory request was completed. (0x12B)
[1129/124324.372:WARNING:pe_image_reader.cc(340)] could not read dos header from C:\Windows\System32\MSASN1.dll
[1129/124324.372:ERROR:process_memory_win.cc(73)] ReadMemory at 0x7ffc6df60000 of 64 bytes failed: Only part of a ReadProcessMemory or WriteProcessMemory request was completed. (0x12B)
[1129/124324.372:WARNING:pe_image_reader.cc(340)] could not read dos header from C:\Windows\System32\CRYPT32.dll
[1129/124324.372:ERROR:process_memory_win.cc(73)] ReadMemory at 0x7ffc6c980000 of 64 bytes failed: Only part of a ReadProcessMemory or WriteProcessMemory request was completed. (0x12B)
[1129/124324.372:WARNING:pe_image_reader.cc(340)] could not read dos header from C:\Windows\SYSTEM32\IPHLPAPI.DLL
[1129/124324.372:ERROR:process_memory_win.cc(73)] ReadMemory at 0x7ffc69600000 of 64 bytes failed: Only part of a ReadProcessMemory or WriteProcessMemory request was completed. (0x12B)
[1129/124324.372:WARNING:pe_image_reader.cc(340)] could not read dos header from C:\Windows\SYSTEM32\WINMM.dll
[1129/124324.372:ERROR:process_memory_win.cc(73)] ReadMemory at 0x7ffc6d290000 of 64 bytes failed: Only part of a ReadProcessMemory or WriteProcessMemory request was completed. (0x12B)
[1129/124324.372:WARNING:pe_image_reader.cc(340)] could not read dos header from C:\Windows\SYSTEM32\USERENV.dll
[1129/124324.372:ERROR:process_memory_win.cc(73)] ReadMemory at 0x7ffc6d3f0000 of 64 bytes failed: Only part of a ReadProcessMemory or WriteProcessMemory request was completed. (0x12B)
[1129/124324.372:WARNING:pe_image_reader.cc(340)] could not read dos header from C:\Windows\System32\profapi.dll
[1129/124324.372:ERROR:process_memory_win.cc(73)] ReadMemory at 0x7ffc5e670000 of 64 bytes failed: Only part of a ReadProcessMemory or WriteProcessMemory request was completed. (0x12B)
[1129/124324.372:WARNING:pe_image_reader.cc(340)] could not read dos header from C:\Windows\SYSTEM32\DWrite.dll
[1129/124324.372:ERROR:process_memory_win.cc(73)] ReadMemory at 0x7ffc68200000 of 64 bytes failed: Only part of a ReadProcessMemory or WriteProcessMemory request was completed. (0x12B)
[1129/124324.372:WARNING:pe_image_reader.cc(340)] could not read dos header from C:\Windows\SYSTEM32\WINSPOOL.DRV
[1129/124324.372:ERROR:process_memory_win.cc(73)] ReadMemory at 0x7ffc6bcf0000 of 64 bytes failed: Only part of a ReadProcessMemory or WriteProcessMemory request was completed. (0x12B)
[1129/124324.372:WARNING:pe_image_reader.cc(340)] could not read dos header from C:\Windows\SYSTEM32\dbghelp.dll
[1129/124324.372:ERROR:process_memory_win.cc(73)] ReadMemory at 0x7ffc5b9c0000 of 64 bytes failed: Only part of a ReadProcessMemory or WriteProcessMemory request was completed. (0x12B)
[1129/124324.373:WARNING:pe_image_reader.cc(340)] could not read dos header from C:\Windows\SYSTEM32\Secur32.dll
[1129/124324.373:ERROR:process_memory_win.cc(73)] ReadMemory at 0x7ffc68f20000 of 64 bytes failed: Only part of a ReadProcessMemory or WriteProcessMemory request was completed. (0x12B)
[1129/124324.373:WARNING:pe_image_reader.cc(340)] could not read dos header from C:\Windows\SYSTEM32\WINHTTP.dll
[1129/124324.373:ERROR:process_memory_win.cc(73)] ReadMemory at 0x7ffc63cc0000 of 64 bytes failed: Only part of a ReadProcessMemory or WriteProcessMemory request was completed. (0x12B)
[1129/124324.373:WARNING:pe_image_reader.cc(340)] could not read dos header from C:\Windows\SYSTEM32\dhcpcsvc.DLL
[1129/124324.373:ERROR:process_memory_win.cc(73)] ReadMemory at 0x7ffc708a0000 of 64 bytes failed: Only part of a ReadProcessMemory or WriteProcessMemory request was completed. (0x12B)
[1129/124324.374:WARNING:pe_image_reader.cc(340)] could not read dos header from C:\Windows\System32\NSI.dll
[1129/124324.374:ERROR:process_memory_win.cc(73)] ReadMemory at 0x7ffc695d0000 of 64 bytes failed: Only part of a ReadProcessMemory or WriteProcessMemory request was completed. (0x12B)
[1129/124324.376:WARNING:pe_image_reader.cc(340)] could not read dos header from C:\Windows\SYSTEM32\WINMMBASE.dll
[1129/124324.376:ERROR:process_memory_win.cc(73)] ReadMemory at 0x7ffc6e490000 of 64 bytes failed: Only part of a ReadProcessMemory or WriteProcessMemory request was completed. (0x12B)
[1129/124324.376:WARNING:pe_image_reader.cc(340)] could not read dos header from C:\Windows\System32\cfgmgr32.dll
[1129/124324.376:ERROR:process_memory_win.cc(73)] ReadMemory at 0x7ffc6cec0000 of 64 bytes failed: Only part of a ReadProcessMemory or WriteProcessMemory request was completed. (0x12B)
[1129/124324.376:WARNING:pe_image_reader.cc(340)] could not read dos header from C:\Windows\SYSTEM32\bcrypt.dll
[1129/124324.376:ERROR:process_memory_win.cc(73)] ReadMemory at 0x7ffc6d260000 of 64 bytes failed: Only part of a ReadProcessMemory or WriteProcessMemory request was completed. (0x12B)
[1129/124324.376:WARNING:pe_image_reader.cc(340)] could not read dos header from C:\Windows\SYSTEM32\SSPICLI.DLL
[1129/124324.376:ERROR:process_memory_win.cc(73)] ReadMemory at 0x7ffc6cdb0000 of 64 bytes failed: Only part of a ReadProcessMemory or WriteProcessMemory request was completed. (0x12B)
[1129/124324.376:WARNING:pe_image_reader.cc(340)] could not read dos header from C:\Windows\SYSTEM32\CRYPTBASE.DLL
[1129/124324.376:ERROR:process_memory_win.cc(73)] ReadMemory at 0x7ff6cd3f0000 of 64 bytes failed: Only part of a ReadProcessMemory or WriteProcessMemory request was completed. (0x12B)
[1129/124324.376:WARNING:pe_image_reader.cc(340)] could not read dos header from C:\Program Files (x86)\Google\Chrome\Application\chrome.exe
[1129/124324.377:ERROR:process_memory_win.cc(73)] ReadMemory at 0x7ffc71010000 of 64 bytes failed: Only part of a ReadProcessMemory or WriteProcessMemory request was completed. (0x12B)
[1129/124324.377:WARNING:pe_image_reader.cc(340)] could not read dos header from C:\Windows\SYSTEM32\ntdll.dll
[1129/124324.377:ERROR:process_memory_win.cc(73)] ReadMemory at 0x7ffc6e850000 of 64 bytes failed: Only part of a ReadProcessMemory or WriteProcessMemory request was completed. (0x12B)
[1129/124324.377:WARNING:pe_image_reader.cc(340)] could not read dos header from C:\Windows\System32\KERNEL32.DLL
[1129/124324.377:ERROR:process_memory_win.cc(73)] ReadMemory at 0x7ffc6dcf0000 of 64 bytes failed: Only part of a ReadProcessMemory or WriteProcessMemory request was completed. (0x12B)
[1129/124324.377:WARNING:pe_image_reader.cc(340)] could not read dos header from C:\Windows\System32\KERNELBASE.dll
[1129/124324.377:ERROR:process_memory_win.cc(73)] ReadMemory at 0x7ffc41be0000 of 64 bytes failed: Only part of a ReadProcessMemory or WriteProcessMemory request was completed. (0x12B)
[1129/124324.377:WARNING:pe_image_reader.cc(340)] could not read dos header from C:\Program Files (x86)\Google\Chrome\Application\78.0.3904.108\chrome_elf.dll
[1129/124324.377:ERROR:process_memory_win.cc(73)] ReadMemory at 0x7ffc634a0000 of 64 bytes failed: Only part of a ReadProcessMemory or WriteProcessMemory request was completed. (0x12B)
[1129/124324.377:WARNING:pe_image_reader.cc(340)] could not read dos header from C:\Windows\SYSTEM32\VERSION.dll
[1129/124324.377:ERROR:process_memory_win.cc(73)] ReadMemory at 0x7ffc70940000 of 64 bytes failed: Only part of a ReadProcessMemory or WriteProcessMemory request was completed. (0x12B)
[1129/124324.377:WARNING:pe_image_reader.cc(340)] could not read dos header from C:\Windows\System32\msvcrt.dll
[1129/124324.377:ERROR:process_memory_win.cc(73)] ReadMemory at 0x7ffc6db60000 of 64 bytes failed: Only part of a ReadProcessMemory or WriteProcessMemory request was completed. (0x12B)
[1129/124324.377:WARNING:pe_image_reader.cc(340)] could not read dos header from C:\Windows\System32\bcryptPrimitives.dll
[1129/124324.377:ERROR:process_memory_win.cc(73)] ReadMemory at 0x7ffc6e7a0000 of 64 bytes failed: Only part of a ReadProcessMemory or WriteProcessMemory request was completed. (0x12B)
[1129/124324.377:WARNING:pe_image_reader.cc(340)] could not read dos header from C:\Windows\System32\ADVAPI32.dll
[1129/124324.377:ERROR:process_memory_win.cc(73)] ReadMemory at 0x7ffc6e4e0000 of 64 bytes failed: Only part of a ReadProcessMemory or WriteProcessMemory request was completed. (0x12B)
[1129/124324.378:WARNING:pe_image_reader.cc(340)] could not read dos header from C:\Windows\System32\sechost.dll
[1129/124324.378:ERROR:process_memory_win.cc(73)] ReadMemory at 0x7ffc6e980000 of 64 bytes failed: Only part of a ReadProcessMemory or WriteProcessMemory request was completed. (0x12B)
[1129/124324.378:WARNING:pe_image_reader.cc(340)] could not read dos header from C:\Windows\System32\RPCRT4.dll
[1129/124324.378:ERROR:process_memory_win.cc(73)] ReadMemory at 0x7ffc2be80000 of 64 bytes failed: Only part of a ReadProcessMemory or WriteProcessMemory request was completed. (0x12B)
[1129/124324.378:WARNING:pe_image_reader.cc(340)] could not read dos header from C:\Program Files (x86)\Google\Chrome\Application\78.0.3904.108\chrome_child.dll
[1129/124324.378:ERROR:process_memory_win.cc(73)] ReadMemory at 0x7ffc709f0000 of 64 bytes failed: Only part of a ReadProcessMemory or WriteProcessMemory request was completed. (0x12B)
[1129/124324.378:WARNING:pe_image_reader.cc(340)] could not read dos header from C:\Windows\System32\OLEAUT32.dll
[1129/124324.378:ERROR:process_memory_win.cc(73)] ReadMemory at 0x7ffc6e250000 of 64 bytes failed: Only part of a ReadProcessMemory or WriteProcessMemory request was completed. (0x12B)
[1129/124324.378:WARNING:pe_image_reader.cc(340)] could not read dos header from C:\Windows\System32\msvcp_win.dll
[1129/124324.378:ERROR:process_memory_win.cc(73)] ReadMemory at 0x7ffc6e150000 of 64 bytes failed: Only part of a ReadProcessMemory or WriteProcessMemory request was completed. (0x12B)
[1129/124324.378:WARNING:pe_image_reader.cc(340)] could not read dos header from C:\Windows\System32\ucrtbase.dll
[1129/124324.378:ERROR:process_memory_win.cc(73)] ReadMemory at 0x7ffc70c70000 of 64 bytes failed: Only part of a ReadProcessMemory or WriteProcessMemory request was completed. (0x12B)
[1129/124324.378:WARNING:pe_image_reader.cc(340)] could not read dos header from C:\Windows\System32\combase.dll
[1129/124324.378:ERROR:process_memory_win.cc(73)] ReadMemory at 0x7ffc708b0000 of 64 bytes failed: Only part of a ReadProcessMemory or WriteProcessMemory request was completed. (0x12B)
[1129/124324.378:WARNING:pe_image_reader.cc(340)] could not read dos header from C:\Windows\System32\WS2_32.dll
[1129/124324.378:ERROR:process_memory_win.cc(73)] ReadMemory at 0x7ffc6dc90000 of 64 bytes failed: Only part of a ReadProcessMemory or WriteProcessMemory request was completed. (0x12B)
[1129/124324.378:WARNING:pe_image_reader.cc(340)] could not read dos header from C:\Windows\System32\WINTRUST.dll
[1129/124324.378:ERROR:process_memory_win.cc(73)] ReadMemory at 0x7ffc6d3d0000 of 64 bytes failed: Only part of a ReadProcessMemory or WriteProcessMemory request was completed. (0x12B)
[1129/124324.378:WARNING:pe_image_reader.cc(340)] could not read dos header from C:\Windows\System32\MSASN1.dll
[1129/124324.378:ERROR:process_memory_win.cc(73)] ReadMemory at 0x7ffc6df60000 of 64 bytes failed: Only part of a ReadProcessMemory or WriteProcessMemory request was completed. (0x12B)
[1129/124324.378:WARNING:pe_image_reader.cc(340)] could not read dos header from C:\Windows\System32\CRYPT32.dll
[1129/124324.378:ERROR:process_memory_win.cc(73)] ReadMemory at 0x7ffc6c980000 of 64 bytes failed: Only part of a ReadProcessMemory or WriteProcessMemory request was completed. (0x12B)
[1129/124324.378:WARNING:pe_image_reader.cc(340)] could not read dos header from C:\Windows\SYSTEM32\IPHLPAPI.DLL
[1129/124324.378:ERROR:process_memory_win.cc(73)] ReadMemory at 0x7ffc69600000 of 64 bytes failed: Only part of a ReadProcessMemory or WriteProcessMemory request was completed. (0x12B)
[1129/124324.378:WARNING:pe_image_reader.cc(340)] could not read dos header from C:\Windows\SYSTEM32\WINMM.dll
[1129/124324.378:ERROR:process_memory_win.cc(73)] ReadMemory at 0x7ffc6d290000 of 64 bytes failed: Only part of a ReadProcessMemory or WriteProcessMemory request was completed. (0x12B)
[1129/124324.379:WARNING:pe_image_reader.cc(340)] could not read dos header from C:\Windows\SYSTEM32\USERENV.dll
[1129/124324.379:ERROR:process_memory_win.cc(73)] ReadMemory at 0x7ffc6d3f0000 of 64 bytes failed: Only part of a ReadProcessMemory or WriteProcessMemory request was completed. (0x12B)
[1129/124324.379:WARNING:pe_image_reader.cc(340)] could not read dos header from C:\Windows\System32\profapi.dll
[1129/124324.379:ERROR:process_memory_win.cc(73)] ReadMemory at 0x7ffc5e670000 of 64 bytes failed: Only part of a ReadProcessMemory or WriteProcessMemory request was completed. (0x12B)
[1129/124324.379:WARNING:pe_image_reader.cc(340)] could not read dos header from C:\Windows\SYSTEM32\DWrite.dll
[1129/124324.379:ERROR:process_memory_win.cc(73)] ReadMemory at 0x7ffc68200000 of 64 bytes failed: Only part of a ReadProcessMemory or WriteProcessMemory request was completed. (0x12B)
[1129/124324.379:WARNING:pe_image_reader.cc(340)] could not read dos header from C:\Windows\SYSTEM32\WINSPOOL.DRV
[1129/124324.379:ERROR:process_memory_win.cc(73)] ReadMemory at 0x7ffc6bcf0000 of 64 bytes failed: Only part of a ReadProcessMemory or WriteProcessMemory request was completed. (0x12B)
[1129/124324.379:WARNING:pe_image_reader.cc(340)] could not read dos header from C:\Windows\SYSTEM32\dbghelp.dll
[1129/124324.379:ERROR:process_memory_win.cc(73)] ReadMemory at 0x7ffc5b9c0000 of 64 bytes failed: Only part of a ReadProcessMemory or WriteProcessMemory request was completed. (0x12B)
[1129/124324.379:WARNING:pe_image_reader.cc(340)] could not read dos header from C:\Windows\SYSTEM32\Secur32.dll
[1129/124324.379:ERROR:process_memory_win.cc(73)] ReadMemory at 0x7ffc68f20000 of 64 bytes failed: Only part of a ReadProcessMemory or WriteProcessMemory request was completed. (0x12B)
[1129/124324.379:WARNING:pe_image_reader.cc(340)] could not read dos header from C:\Windows\SYSTEM32\WINHTTP.dll
[1129/124324.379:ERROR:process_memory_win.cc(73)] ReadMemory at 0x7ffc63cc0000 of 64 bytes failed: Only part of a ReadProcessMemory or WriteProcessMemory request was completed. (0x12B)
[1129/124324.379:WARNING:pe_image_reader.cc(340)] could not read dos header from C:\Windows\SYSTEM32\dhcpcsvc.DLL
[1129/124324.379:ERROR:process_memory_win.cc(73)] ReadMemory at 0x7ffc708a0000 of 64 bytes failed: Only part of a ReadProcessMemory or WriteProcessMemory request was completed. (0x12B)
[1129/124324.379:WARNING:pe_image_reader.cc(340)] could not read dos header from C:\Windows\System32\NSI.dll
[1129/124324.379:ERROR:process_memory_win.cc(73)] ReadMemory at 0x7ffc695d0000 of 64 bytes failed: Only part of a ReadProcessMemory or WriteProcessMemory request was completed. (0x12B)
[1129/124324.379:WARNING:pe_image_reader.cc(340)] could not read dos header from C:\Windows\SYSTEM32\WINMMBASE.dll
[1129/124324.379:ERROR:process_memory_win.cc(73)] ReadMemory at 0x7ffc6e490000 of 64 bytes failed: Only part of a ReadProcessMemory or WriteProcessMemory request was completed. (0x12B)
[1129/124324.379:WARNING:pe_image_reader.cc(340)] could not read dos header from C:\Windows\System32\cfgmgr32.dll
[1129/124324.379:ERROR:process_memory_win.cc(73)] ReadMemory at 0x7ffc6cec0000 of 64 bytes failed: Only part of a ReadProcessMemory or WriteProcessMemory request was completed. (0x12B)
[1129/124324.379:WARNING:pe_image_reader.cc(340)] could not read dos header from C:\Windows\SYSTEM32\bcrypt.dll
[1129/124324.379:ERROR:process_memory_win.cc(73)] ReadMemory at 0x7ffc6d260000 of 64 bytes failed: Only part of a ReadProcessMemory or WriteProcessMemory request was completed. (0x12B)
[1129/124324.379:WARNING:pe_image_reader.cc(340)] could not read dos header from C:\Windows\SYSTEM32\SSPICLI.DLL
[1129/124324.379:ERROR:process_memory_win.cc(73)] ReadMemory at 0x7ffc6cdb0000 of 64 bytes failed: Only part of a ReadProcessMemory or WriteProcessMemory request was completed. (0x12B)
[1129/124324.379:WARNING:pe_image_reader.cc(340)] could not read dos header from C:\Windows\SYSTEM32\CRYPTBASE.DLL
[1129/124324.388:ERROR:process_memory_win.cc(73)] ReadMemory at 0xea5b9f8000 of 32768 bytes failed: Only part of a ReadProcessMemory or WriteProcessMemory request was completed. (0x12B)
[1129/124324.388:ERROR:process_memory_win.cc(73)] ReadMemory at 0xea5c1fd000 of 12288 bytes failed: Only part of a ReadProcessMemory or WriteProcessMemory request was completed. (0x12B)
[1129/124324.388:ERROR:process_memory_win.cc(73)] ReadMemory at 0xea5d1fd000 of 12288 bytes failed: Only part of a ReadProcessMemory or WriteProcessMemory request was completed. (0x12B)
[1129/124324.388:ERROR:process_memory_win.cc(73)] ReadMemory at 0xea5d9fc000 of 16384 bytes failed: Only part of a ReadProcessMemory or WriteProcessMemory request was completed. (0x12B)
[1129/124324.389:ERROR:process_memory_win.cc(73)] ReadMemory at 0xea5e1ff000 of 4096 bytes failed: Only part of a ReadProcessMemory or WriteProcessMemory request was completed. (0x12B)
[1129/124324.389:ERROR:process_memory_win.cc(73)] ReadMemory at 0xea5e9fd000 of 12288 bytes failed: Only part of a ReadProcessMemory or WriteProcessMemory request was completed. (0x12B)
[1129/124324.389:ERROR:process_memory_win.cc(73)] ReadMemory at 0xea5f1fd000 of 12288 bytes failed: Only part of a ReadProcessMemory or WriteProcessMemory request was completed. (0x12B)
[1129/124324.390:ERROR:process_memory_win.cc(73)] ReadMemory at 0xea601fd000 of 12288 bytes failed: Only part of a ReadProcessMemory or WriteProcessMemory request was completed. (0x12B)
[1129/124324.390:ERROR:process_memory_win.cc(73)] ReadMemory at 0xea609fd000 of 12288 bytes failed: Only part of a ReadProcessMemory or WriteProcessMemory request was completed. (0x12B)
[1129/124324.390:ERROR:process_memory_win.cc(73)] ReadMemory at 0xea611fd000 of 12288 bytes failed: Only part of a ReadProcessMemory or WriteProcessMemory request was completed. (0x12B)
[1129/124324.390:ERROR:process_memory_win.cc(73)] ReadMemory at 0xea619fd000 of 12288 bytes failed: Only part of a ReadProcessMemory or WriteProcessMemory request was completed. (0x12B)
[1129/124324.390:ERROR:process_memory_win.cc(73)] ReadMemory at 0xea629fd000 of 12288 bytes failed: Only part of a ReadProcessMemory or WriteProcessMemory request was completed. (0x12B)
[1129/124324.390:ERROR:process_memory_win.cc(73)] ReadMemory at 0xea631fd000 of 12288 bytes failed: Only part of a ReadProcessMemory or WriteProcessMemory request was completed. (0x12B)
[1129/124324.390:ERROR:process_memory_win.cc(73)] ReadMemory at 0xea5b070000 of 852 bytes failed: Only part of a ReadProcessMemory or WriteProcessMemory request was completed. (0x12B)
[1129/124324.390:ERROR:process_memory_win.cc(73)] ReadMemory at 0xea5b071000 of 6024 bytes failed: Only part of a ReadProcessMemory or WriteProcessMemory request was completed. (0x12B)
[1129/124324.390:ERROR:process_memory_win.cc(73)] ReadMemory at 0xea5b073000 of 6024 bytes failed: Only part of a ReadProcessMemory or WriteProcessMemory request was completed. (0x12B)
[1129/124324.390:ERROR:process_memory_win.cc(73)] ReadMemory at 0xea5b077000 of 6024 bytes failed: Only part of a ReadProcessMemory or WriteProcessMemory request was completed. (0x12B)
[1129/124324.391:ERROR:process_memory_win.cc(73)] ReadMemory at 0xea5b079000 of 6024 bytes failed: Only part of a ReadProcessMemory or WriteProcessMemory request was completed. (0x12B)
[1129/124324.391:ERROR:process_memory_win.cc(73)] ReadMemory at 0xea5b07b000 of 6024 bytes failed: Only part of a ReadProcessMemory or WriteProcessMemory request was completed. (0x12B)
[1129/124324.391:ERROR:process_memory_win.cc(73)] ReadMemory at 0xea5b07d000 of 6024 bytes failed: Only part of a ReadProcessMemory or WriteProcessMemory request was completed. (0x12B)
[1129/124324.391:ERROR:process_memory_win.cc(73)] ReadMemory at 0xea5b07f000 of 6024 bytes failed: Only part of a ReadProcessMemory or WriteProcessMemory request was completed. (0x12B)
[1129/124324.391:ERROR:process_memory_win.cc(73)] ReadMemory at 0xea5b083000 of 6024 bytes failed: Only part of a ReadProcessMemory or WriteProcessMemory request was completed. (0x12B)
[1129/124324.391:ERROR:process_memory_win.cc(73)] ReadMemory at 0xea5b085000 of 6024 bytes failed: Only part of a ReadProcessMemory or WriteProcessMemory request was completed. (0x12B)
[1129/124324.391:ERROR:process_memory_win.cc(73)] ReadMemory at 0xea5b087000 of 6024 bytes failed: Only part of a ReadProcessMemory or WriteProcessMemory request was completed. (0x12B)
[1129/124324.391:ERROR:process_memory_win.cc(73)] ReadMemory at 0xea5b089000 of 6024 bytes failed: Only part of a ReadProcessMemory or WriteProcessMemory request was completed. (0x12B)
[1129/124324.391:ERROR:process_memory_win.cc(73)] ReadMemory at 0xea5b08d000 of 6024 bytes failed: Only part of a ReadProcessMemory or WriteProcessMemory request was completed. (0x12B)
[1129/124324.392:ERROR:process_memory_win.cc(73)] ReadMemory at 0xea5b08f000 of 6024 bytes failed: Only part of a ReadProcessMemory or WriteProcessMemory request was completed. (0x12B)
[1129/124324.392:ERROR:process_memory_win.cc(73)] ReadMemory at 0x2c243740fc0 of 7022 bytes failed: Only part of a ReadProcessMemory or WriteProcessMemory request was completed. (0x12B)
[1129/124324.392:ERROR:process_memory_win.cc(73)] ReadMemory at 0x2c243742b40 of 1012 bytes failed: Only part of a ReadProcessMemory or WriteProcessMemory request was completed. (0x12B)
[1129/124324.392:ERROR:process_memory_win.cc(73)] ReadMemory at 0x2c243743158 of 118 bytes failed: Only part of a ReadProcessMemory or WriteProcessMemory request was completed. (0x12B)
[1129/124324.392:ERROR:process_memory_win.cc(73)] ReadMemory at 0x2c2437431d0 of 868 bytes failed: Only part of a ReadProcessMemory or WriteProcessMemory request was completed. (0x12B)
[1129/124324.392:ERROR:process_memory_win.cc(73)] ReadMemory at 0x2c243743536 of 118 bytes failed: Only part of a ReadProcessMemory or WriteProcessMemory request was completed. (0x12B)
[1129/124324.392:ERROR:process_memory_win.cc(73)] ReadMemory at 0x2c2437435ae of 100 bytes failed: Only part of a ReadProcessMemory or WriteProcessMemory request was completed. (0x12B)
[1129/124324.392:ERROR:process_memory_win.cc(73)] ReadMemory at 0x2c243743620 of 58 bytes failed: Only part of a ReadProcessMemory or WriteProcessMemory request was completed. (0x12B)
[1129/124324.392:ERROR:process_memory_win.cc(73)] ReadMemory at 0x2c243743720 of 132 bytes failed: Only part of a ReadProcessMemory or WriteProcessMemory request was completed. (0x12B)
[1129/124324.392:ERROR:process_memory_win.cc(73)] ReadMemory at 0x2c2437438b0 of 132 bytes failed: Only part of a ReadProcessMemory or WriteProcessMemory request was completed. (0x12B)
[1129/124324.392:ERROR:process_memory_win.cc(73)] ReadMemory at 0x2c243743a70 of 126 bytes failed: Only part of a ReadProcessMemory or WriteProcessMemory request was completed. (0x12B)
[1129/124324.392:ERROR:process_memory_win.cc(73)] ReadMemory at 0x2c243743e50 of 132 bytes failed: Only part of a ReadProcessMemory or WriteProcessMemory request was completed. (0x12B)
[1129/124324.392:ERROR:process_memory_win.cc(73)] ReadMemory at 0x2c243743fe0 of 64 bytes failed: Only part of a ReadProcessMemory or WriteProcessMemory request was completed. (0x12B)
[1129/124324.392:ERROR:process_memory_win.cc(73)] ReadMemory at 0x2c243744030 of 132 bytes failed: Only part of a ReadProcessMemory or WriteProcessMemory request was completed. (0x12B)
[1129/124324.392:ERROR:process_memory_win.cc(73)] ReadMemory at 0x2c2437441a0 of 132 bytes failed: Only part of a ReadProcessMemory or WriteProcessMemory request was completed. (0x12B)
[1129/124324.392:ERROR:process_memory_win.cc(73)] ReadMemory at 0x2c243744420 of 132 bytes failed: Only part of a ReadProcessMemory or WriteProcessMemory request was completed. (0x12B)
[1129/124324.392:ERROR:process_memory_win.cc(73)] ReadMemory at 0x2c2437445b0 of 68 bytes failed: Only part of a ReadProcessMemory or WriteProcessMemory request was completed. (0x12B)
[1129/124324.392:ERROR:process_memory_win.cc(73)] ReadMemory at 0x2c2437453a0 of 158 bytes failed: Only part of a ReadProcessMemory or WriteProcessMemory request was completed. (0x12B)
[1129/124324.392:ERROR:process_memory_win.cc(73)] ReadMemory at 0x2c243745480 of 132 bytes failed: Only part of a ReadProcessMemory or WriteProcessMemory request was completed. (0x12B)
[1129/124324.392:ERROR:process_memory_win.cc(73)] ReadMemory at 0x2c243745610 of 154 bytes failed: Only part of a ReadProcessMemory or WriteProcessMemory request was completed. (0x12B)
[1129/124324.392:ERROR:process_memory_win.cc(73)] ReadMemory at 0x2c243747b90 of 62 bytes failed: Only part of a ReadProcessMemory or WriteProcessMemory request was completed. (0x12B)
[1129/124324.392:ERROR:process_memory_win.cc(73)] ReadMemory at 0x2c243747cf0 of 132 bytes failed: Only part of a ReadProcessMemory or WriteProcessMemory request was completed. (0x12B)
[1129/124324.392:ERROR:process_memory_win.cc(73)] ReadMemory at 0x2c243747e80 of 60 bytes failed: Only part of a ReadProcessMemory or WriteProcessMemory request was completed. (0x12B)
[1129/124324.393:ERROR:process_memory_win.cc(73)] ReadMemory at 0x2c24374a810 of 132 bytes failed: Only part of a ReadProcessMemory or WriteProcessMemory request was completed. (0x12B)
[1129/124324.393:ERROR:process_memory_win.cc(73)] ReadMemory at 0x2c24374bc70 of 132 bytes failed: Only part of a ReadProcessMemory or WriteProcessMemory request was completed. (0x12B)
[1129/124324.393:ERROR:process_memory_win.cc(73)] ReadMemory at 0x2c24374be00 of 80 bytes failed: Only part of a ReadProcessMemory or WriteProcessMemory request was completed. (0x12B)
[1129/124324.393:ERROR:process_memory_win.cc(73)] ReadMemory at 0x2c24374dcc0 of 54 bytes failed: Only part of a ReadProcessMemory or WriteProcessMemory request was completed. (0x12B)
[1129/124324.393:ERROR:process_memory_win.cc(73)] ReadMemory at 0x2c24374edc0 of 132 bytes failed: Only part of a ReadProcessMemory or WriteProcessMemory request was completed. (0x12B)
[1129/124324.393:ERROR:process_memory_win.cc(73)] ReadMemory at 0x2c24374f700 of 132 bytes failed: Only part of a ReadProcessMemory or WriteProcessMemory request was completed. (0x12B)
[1129/124324.393:ERROR:process_memory_win.cc(73)] ReadMemory at 0x2c24374f9e0 of 132 bytes failed: Only part of a ReadProcessMemory or WriteProcessMemory request was completed. (0x12B)
[1129/124324.393:ERROR:process_memory_win.cc(73)] ReadMemory at 0x2c243750390 of 132 bytes failed: Only part of a ReadProcessMemory or WriteProcessMemory request was completed. (0x12B)
[1129/124324.393:ERROR:process_memory_win.cc(73)] ReadMemory at 0x2c243750680 of 58 bytes failed: Only part of a ReadProcessMemory or WriteProcessMemory request was completed. (0x12B)
[1129/124324.393:ERROR:process_memory_win.cc(73)] ReadMemory at 0x2c2437506d0 of 62 bytes failed: Only part of a ReadProcessMemory or WriteProcessMemory request was completed. (0x12B)
[1129/124324.393:ERROR:process_memory_win.cc(73)] ReadMemory at 0x2c243750720 of 64 bytes failed: Only part of a ReadProcessMemory or WriteProcessMemory request was completed. (0x12B)
[1129/124324.393:ERROR:process_memory_win.cc(73)] ReadMemory at 0x2c243750770 of 62 bytes failed: Only part of a ReadProcessMemory or WriteProcessMemory request was completed. (0x12B)
[1129/124324.393:ERROR:process_memory_win.cc(73)] ReadMemory at 0x2c2437507c0 of 64 bytes failed: Only part of a ReadProcessMemory or WriteProcessMemory request was completed. (0x12B)
[1129/124324.393:ERROR:process_memory_win.cc(73)] ReadMemory at 0x2c243750860 of 62 bytes failed: Only part of a ReadProcessMemory or WriteProcessMemory request was completed. (0x12B)
[1129/124324.394:ERROR:process_memory_win.cc(73)] ReadMemory at 0x2c2437508b0 of 62 bytes failed: Only part of a ReadProcessMemory or WriteProcessMemory request was completed. (0x12B)
[1129/124324.394:ERROR:process_memory_win.cc(73)] ReadMemory at 0x2c243750900 of 64 bytes failed: Only part of a ReadProcessMemory or WriteProcessMemory request was completed. (0x12B)
[1129/124324.394:ERROR:process_memory_win.cc(73)] ReadMemory at 0x2c243750950 of 60 bytes failed: Only part of a ReadProcessMemory or WriteProcessMemory request was completed. (0x12B)
[1129/124324.394:ERROR:process_memory_win.cc(73)] ReadMemory at 0x2c2437509f0 of 62 bytes failed: Only part of a ReadProcessMemory or WriteProcessMemory request was completed. (0x12B)
[1129/124324.394:ERROR:process_memory_win.cc(73)] ReadMemory at 0x2c243750a40 of 64 bytes failed: Only part of a ReadProcessMemory or WriteProcessMemory request was completed. (0x12B)
[1129/124324.394:ERROR:process_memory_win.cc(73)] ReadMemory at 0x2c243750a90 of 64 bytes failed: Only part of a ReadProcessMemory or WriteProcessMemory request was completed. (0x12B)
[1129/124324.394:ERROR:process_memory_win.cc(73)] ReadMemory at 0x2c243750ae0 of 62 bytes failed: Only part of a ReadProcessMemory or WriteProcessMemory request was completed. (0x12B)
[1129/124324.394:ERROR:process_memory_win.cc(73)] ReadMemory at 0x2c243750b30 of 66 bytes failed: Only part of a ReadProcessMemory or WriteProcessMemory request was completed. (0x12B)
[1129/124324.394:ERROR:process_memory_win.cc(73)] ReadMemory at 0x2c243750b80 of 60 bytes failed: Only part of a ReadProcessMemory or WriteProcessMemory request was completed. (0x12B)
[1129/124324.394:ERROR:process_memory_win.cc(73)] ReadMemory at 0x2c243750bd0 of 62 bytes failed: Only part of a ReadProcessMemory or WriteProcessMemory request was completed. (0x12B)
[1129/124324.394:ERROR:process_memory_win.cc(73)] ReadMemory at 0x2c243750c20 of 64 bytes failed: Only part of a ReadProcessMemory or WriteProcessMemory request was completed. (0x12B)
[1129/124324.394:ERROR:process_memory_win.cc(73)] ReadMemory at 0x2c243750c70 of 60 bytes failed: Only part of a ReadProcessMemory or WriteProcessMemory request was completed. (0x12B)
[1129/124324.394:ERROR:process_memory_win.cc(73)] ReadMemory at 0x2c243750cc0 of 60 bytes failed: Only part of a ReadProcessMemory or WriteProcessMemory request was completed. (0x12B)
[1129/124324.394:ERROR:process_memory_win.cc(73)] ReadMemory at 0x2c243750d10 of 62 bytes failed: Only part of a ReadProcessMemory or WriteProcessMemory request was completed. (0x12B)
[1129/124324.394:ERROR:process_memory_win.cc(73)] ReadMemory at 0x2c243750d60 of 64 bytes failed: Only part of a ReadProcessMemory or WriteProcessMemory request was completed. (0x12B)
[1129/124324.394:ERROR:process_memory_win.cc(73)] ReadMemory at 0x2c243750e40 of 132 bytes failed: Only part of a ReadProcessMemory or WriteProcessMemory request was completed. (0x12B)
[1129/124324.394:ERROR:process_memory_win.cc(73)] ReadMemory at 0x2c243751830 of 132 bytes failed: Only part of a ReadProcessMemory or WriteProcessMemory request was completed. (0x12B)
[1129/124324.394:ERROR:process_memory_win.cc(73)] ReadMemory at 0x2c243751960 of 132 bytes failed: Only part of a ReadProcessMemory or WriteProcessMemory request was completed. (0x12B)
[1129/124324.394:ERROR:process_memory_win.cc(73)] ReadMemory at 0x2c243751a90 of 132 bytes failed: Only part of a ReadProcessMemory or WriteProcessMemory request was completed. (0x12B)
[1129/124324.394:ERROR:process_memory_win.cc(73)] ReadMemory at 0x2c243751bc0 of 132 bytes failed: Only part of a ReadProcessMemory or WriteProcessMemory request was completed. (0x12B)
[1129/124324.394:ERROR:process_memory_win.cc(73)] ReadMemory at 0x2c243751cf0 of 132 bytes failed: Only part of a ReadProcessMemory or WriteProcessMemory request was completed. (0x12B)
[1129/124324.394:ERROR:process_memory_win.cc(73)] ReadMemory at 0x2c243751e20 of 132 bytes failed: Only part of a ReadProcessMemory or WriteProcessMemory request was completed. (0x12B)
[1129/124324.394:ERROR:process_memory_win.cc(73)] ReadMemory at 0x2c243751f50 of 132 bytes failed: Only part of a ReadProcessMemory or WriteProcessMemory request was completed. (0x12B)
[1129/124324.394:ERROR:process_memory_win.cc(73)] ReadMemory at 0x2c243752080 of 132 bytes failed: Only part of a ReadProcessMemory or WriteProcessMemory request was completed. (0x12B)
[1129/124324.394:ERROR:process_memory_win.cc(73)] ReadMemory at 0x2c2437521b0 of 132 bytes failed: Only part of a ReadProcessMemory or WriteProcessMemory request was completed. (0x12B)
[1129/124324.394:ERROR:process_memory_win.cc(73)] ReadMemory at 0x2c2437522e0 of 132 bytes failed: Only part of a ReadProcessMemory or WriteProcessMemory request was completed. (0x12B)
[1129/124324.394:ERROR:process_memory_win.cc(73)] ReadMemory at 0x2c243752410 of 132 bytes failed: Only part of a ReadProcessMemory or WriteProcessMemory request was completed. (0x12B)
[1129/124324.394:ERROR:process_memory_win.cc(73)] ReadMemory at 0x2c243752670 of 132 bytes failed: Only part of a ReadProcessMemory or WriteProcessMemory request was completed. (0x12B)
[1129/124324.394:ERROR:process_memory_win.cc(73)] ReadMemory at 0x2c243753800 of 132 bytes failed: Only part of a ReadProcessMemory or WriteProcessMemory request was completed. (0x12B)
[1129/124324.395:ERROR:process_memory_win.cc(73)] ReadMemory at 0x2c243753a70 of 132 bytes failed: Only part of a ReadProcessMemory or WriteProcessMemory request was completed. (0x12B)
[1129/124324.395:ERROR:process_memory_win.cc(73)] ReadMemory at 0x2c2437569a0 of 132 bytes failed: Only part of a ReadProcessMemory or WriteProcessMemory request was completed. (0x12B)
[1129/124324.395:ERROR:process_memory_win.cc(73)] ReadMemory at 0x2c243756e60 of 132 bytes failed: Only part of a ReadProcessMemory or WriteProcessMemory request was completed. (0x12B)
[1129/124324.395:ERROR:process_memory_win.cc(73)] ReadMemory at 0x2c2437570c0 of 132 bytes failed: Only part of a ReadProcessMemory or WriteProcessMemory request was completed. (0x12B)
[1129/124324.395:ERROR:process_memory_win.cc(73)] ReadMemory at 0x2c243757f00 of 132 bytes failed: Only part of a ReadProcessMemory or WriteProcessMemory request was completed. (0x12B)
[1129/124324.395:ERROR:process_memory_win.cc(73)] ReadMemory at 0x2c243758290 of 132 bytes failed: Only part of a ReadProcessMemory or WriteProcessMemory request was completed. (0x12B)
[1129/124324.395:ERROR:process_memory_win.cc(73)] ReadMemory at 0x2c2437583c0 of 132 bytes failed: Only part of a ReadProcessMemory or WriteProcessMemory request was completed. (0x12B)
[1129/124324.395:ERROR:process_memory_win.cc(73)] ReadMemory at 0x2c243758620 of 60 bytes failed: Only part of a ReadProcessMemory or WriteProcessMemory request was completed. (0x12B)
[1129/124324.395:ERROR:process_memory_win.cc(73)] ReadMemory at 0x2c243758f30 of 66 bytes failed: Only part of a ReadProcessMemory or WriteProcessMemory request was completed. (0x12B)
[1129/124324.395:ERROR:process_memory_win.cc(73)] ReadMemory at 0x2c243759160 of 62 bytes failed: Only part of a ReadProcessMemory or WriteProcessMemory request was completed. (0x12B)
[1129/124324.395:ERROR:process_memory_win.cc(73)] ReadMemory at 0x2c2437591b0 of 64 bytes failed: Only part of a ReadProcessMemory or WriteProcessMemory request was completed. (0x12B)
[1129/124324.395:ERROR:process_memory_win.cc(73)] ReadMemory at 0x2c243767a90 of 512 bytes failed: Only part of a ReadProcessMemory or WriteProcessMemory request was completed. (0x12B)
[1129/124324.395:ERROR:process_memory_win.cc(73)] ReadMemory at 0x2c2437689e0 of 512 bytes failed: Only part of a ReadProcessMemory or WriteProcessMemory request was completed. (0x12B)
[1129/124324.395:ERROR:process_memory_win.cc(73)] ReadMemory at 0x2c2439f1000 of 512 bytes failed: Only part of a ReadProcessMemory or WriteProcessMemory request was completed. (0x12B)
[1129/124324.396:ERROR:process_memory_win.cc(73)] ReadMemory at 0x2c2439f1c00 of 512 bytes failed: Only part of a ReadProcessMemory or WriteProcessMemory request was completed. (0x12B)
[1129/124324.396:ERROR:process_memory_win.cc(73)] ReadMemory at 0x2c2439f28c0 of 512 bytes failed: Only part of a ReadProcessMemory or WriteProcessMemory request was completed. (0x12B)
[1129/124324.396:ERROR:process_memory_win.cc(73)] ReadMemory at 0x2c243a584c0 of 512 bytes failed: Only part of a ReadProcessMemory or WriteProcessMemory request was completed. (0x12B)
[1129/124324.396:ERROR:process_memory_win.cc(73)] ReadMemory at 0x2c243a5b870 of 512 bytes failed: Only part of a ReadProcessMemory or WriteProcessMemory request was completed. (0x12B)
[1129/124324.396:ERROR:process_memory_win.cc(73)] ReadMemory at 0x2c243a64040 of 512 bytes failed: Only part of a ReadProcessMemory or WriteProcessMemory request was completed. (0x12B)
[1129/124324.396:ERROR:process_memory_win.cc(73)] ReadMemory at 0x2c243a65b60 of 512 bytes failed: Only part of a ReadProcessMemory or WriteProcessMemory request was completed. (0x12B)
[1129/124324.396:ERROR:process_memory_win.cc(73)] ReadMemory at 0x2c243a728e0 of 512 bytes failed: Only part of a ReadProcessMemory or WriteProcessMemory request was completed. (0x12B)
[1129/124324.396:ERROR:process_memory_win.cc(73)] ReadMemory at 0x2c243a77c88 of 512 bytes failed: Only part of a ReadProcessMemory or WriteProcessMemory request was completed. (0x12B)
[1129/124324.396:ERROR:process_memory_win.cc(73)] ReadMemory at 0x2c243a891e0 of 712 bytes failed: Only part of a ReadProcessMemory or WriteProcessMemory request was completed. (0x12B)
[1129/124324.396:ERROR:process_memory_win.cc(73)] ReadMemory at 0x2c243a90358 of 512 bytes failed: Only part of a ReadProcessMemory or WriteProcessMemory request was completed. (0x12B)
[1129/124324.396:ERROR:process_memory_win.cc(73)] ReadMemory at 0x2c243a90680 of 1000 bytes failed: Only part of a ReadProcessMemory or WriteProcessMemory request was completed. (0x12B)
[1129/124324.396:ERROR:process_memory_win.cc(73)] ReadMemory at 0x2c243a927f0 of 512 bytes failed: Only part of a ReadProcessMemory or WriteProcessMemory request was completed. (0x12B)
[1129/124324.396:ERROR:process_memory_win.cc(73)] ReadMemory at 0x2c243a96fa0 of 512 bytes failed: Only part of a ReadProcessMemory or WriteProcessMemory request was completed. (0x12B)
[1129/124324.396:ERROR:process_memory_win.cc(73)] ReadMemory at 0x2c243ac1bb0 of 512 bytes failed: Only part of a ReadProcessMemory or WriteProcessMemory request was completed. (0x12B)
[1129/124324.396:ERROR:process_memory_win.cc(73)] ReadMemory at 0x2c243b5ff80 of 512 bytes failed: Only part of a ReadProcessMemory or WriteProcessMemory request was completed. (0x12B)
[1129/124324.396:ERROR:process_memory_win.cc(73)] ReadMemory at 0x2c243bbb590 of 512 bytes failed: Only part of a ReadProcessMemory or WriteProcessMemory request was completed. (0x12B)
[1129/124324.396:ERROR:process_memory_win.cc(73)] ReadMemory at 0x2c2458eca50 of 512 bytes failed: Only part of a ReadProcessMemory or WriteProcessMemory request was completed. (0x12B)
[1129/124324.396:ERROR:process_memory_win.cc(73)] ReadMemory at 0x2c2458fff90 of 512 bytes failed: Only part of a ReadProcessMemory or WriteProcessMemory request was completed. (0x12B)
[1129/124324.396:ERROR:process_memory_win.cc(73)] ReadMemory at 0x2c245919e90 of 512 bytes failed: Only part of a ReadProcessMemory or WriteProcessMemory request was completed. (0x12B)
[1129/124324.397:ERROR:process_memory_win.cc(73)] ReadMemory at 0x2c245944bc0 of 512 bytes failed: Only part of a ReadProcessMemory or WriteProcessMemory request was completed. (0x12B)
[1129/124324.397:ERROR:process_memory_win.cc(73)] ReadMemory at 0x2c24594c4a0 of 512 bytes failed: Only part of a ReadProcessMemory or WriteProcessMemory request was completed. (0x12B)
[1129/124324.397:ERROR:process_memory_win.cc(73)] ReadMemory at 0x2c245959d38 of 512 bytes failed: Only part of a ReadProcessMemory or WriteProcessMemory request was completed. (0x12B)
[1129/124324.397:ERROR:process_memory_win.cc(73)] ReadMemory at 0x2c245a09780 of 512 bytes failed: Only part of a ReadProcessMemory or WriteProcessMemory request was completed. (0x12B)
[1129/124324.397:ERROR:process_memory_win.cc(73)] ReadMemory at 0x2c245a0b410 of 512 bytes failed: Only part of a ReadProcessMemory or WriteProcessMemory request was completed. (0x12B)
[1129/124324.397:ERROR:process_memory_win.cc(73)] ReadMemory at 0x2c245a16110 of 512 bytes failed: Only part of a ReadProcessMemory or WriteProcessMemory request was completed. (0x12B)
[1129/124324.397:ERROR:process_memory_win.cc(73)] ReadMemory at 0x2c245a163b0 of 512 bytes failed: Only part of a ReadProcessMemory or WriteProcessMemory request was completed. (0x12B)
[1129/124324.397:ERROR:process_memory_win.cc(73)] ReadMemory at 0x2c245a96070 of 512 bytes failed: Only part of a ReadProcessMemory or WriteProcessMemory request was completed. (0x12B)
[1129/124324.397:ERROR:process_memory_win.cc(73)] ReadMemory at 0x7ffc2d90c62c of 512 bytes failed: Only part of a ReadProcessMemory or WriteProcessMemory request was completed. (0x12B)
[1129/124324.397:ERROR:process_memory_win.cc(73)] ReadMemory at 0x7ffc2e075294 of 553 bytes failed: Only part of a ReadProcessMemory or WriteProcessMemory request was completed. (0x12B)
[1129/124324.397:ERROR:process_memory_win.cc(73)] ReadMemory at 0x7ffc304c90c0 of 512 bytes failed: Only part of a ReadProcessMemory or WriteProcessMemory request was completed. (0x12B)
[1129/124324.397:ERROR:process_memory_win.cc(73)] ReadMemory at 0x7ffc30a039f0 of 512 bytes failed: Only part of a ReadProcessMemory or WriteProcessMemory request was completed. (0x12B)
[1129/124324.397:ERROR:process_memory_win.cc(73)] ReadMemory at 0x7ffc71043ed0 of 512 bytes failed: Only part of a ReadProcessMemory or WriteProcessMemory request was completed. (0x12B)
[1129/124324.397:ERROR:process_memory_win.cc(73)] ReadMemory at 0x7ffc71044220 of 512 bytes failed: Only part of a ReadProcessMemory or WriteProcessMemory request was completed. (0x12B)
[1129/124324.397:ERROR:process_memory_win.cc(73)] ReadMemory at 0x7ffc71046300 of 512 bytes failed: Only part of a ReadProcessMemory or WriteProcessMemory request was completed. (0x12B)
[1129/124324.397:ERROR:process_memory_win.cc(73)] ReadMemory at 0x7ffc710afe44 of 672 bytes failed: Only part of a ReadProcessMemory or WriteProcessMemory request was completed. (0x12B)
[1129/124324.397:ERROR:process_memory_win.cc(73)] ReadMemory at 0x7ffc710b0444 of 512 bytes failed: Only part of a ReadProcessMemory or WriteProcessMemory request was completed. (0x12B)
[1129/124324.397:ERROR:process_memory_win.cc(73)] ReadMemory at 0x7ffc710b3674 of 608 bytes failed: Only part of a ReadProcessMemory or WriteProcessMemory request was completed. (0x12B)
[1129/124324.397:ERROR:process_memory_win.cc(73)] ReadMemory at 0x7ffc71136720 of 18 bytes failed: Only part of a ReadProcessMemory or WriteProcessMemory request was completed. (0x12B)
[1129/124324.397:ERROR:process_memory_win.cc(73)] ReadMemory at 0x7ffc71169518 of 40 bytes failed: Only part of a ReadProcessMemory or WriteProcessMemory request was completed. (0x12B)
[1129/124324.397:ERROR:process_memory_win.cc(73)] ReadMemory at 0x7ffc71169928 of 48 bytes failed: Only part of a ReadProcessMemory or WriteProcessMemory request was completed. (0x12B)
[1129/124324.397:ERROR:process_memory_win.cc(73)] ReadMemory at 0x7ffc7116f3a0 of 64 bytes failed: Only part of a ReadProcessMemory or WriteProcessMemory request was completed. (0x12B)
[1129/124324.399:ERROR:scoped_process_suspend.cc(40)] NtResumeProcess: An attempt was made to access an exiting process. (0xc000010a)
